1	Summers SM; Nagy CJ; April MD; Kuiper BW; Rodriguez RG; Jones WS
2	Sipos ML; Lopez AA; Nyland J; Taylor MR; McDonald J; LoPresti ML; Cabrera OA; Adler AB
3	Bax T; Moore EE; Macalino J; Moore FA; Martin M; Mayberry J
4	Keatley E; Hanks R; Sander AM; Kratz AL; Tulsky DS; Ianni P; Miner J; Carlozzi NE
5	Chappelle WL; Prince LR; Goodman TM
6	Owens-King AP
7	Vojvodic AR; Dedic G; Dejanovic SD
8	Penix EA; Kim PY; Wilk JE; Adler AB
9	Alessandri G; Perinelli E; De Longis E; Schaufeli WB; Theodorou A; Borgogni L; Caprara GV; Cinque L
10	Hsu DP; Hansen SL; Roberts TA; Murray CK; Mysliwiec V
11	Guilaran J; de Terte I; Kaniasty K; Stephens C
12	Stearns S; Shoji K; Benight CC
13	Bryan CJ; Goodman T; Chappelle W; Prince L; Thompson W
14	Johnson WB; Johnson M; Landsinger KL
15	Bursch B; Lloyd J; Mogil C; Wijesekera K; Miotto K; Wu M; Wilkinson R; Klomhaus A; Iverson A; Lester P
16	Adler AB; Adrian AL; Hemphill M; Scaro NH; Sipos ML; Thomas JL
17	Villar ACNWB; Pereira LD
18	Cragun JN; April MD; Thaxton RE
19	Simons BS; Foltz PA; Chalupa RL; Hylden CM; Dowd TC; Johnson AE
20	Delahaij R; Kamphuis W; van den Berg CE
21	Sargent P; Millegan J; Delaney E; Roesch S; Sanders M; Mak H; Mallahan L; Raducha S; Webb-Murphy J
22	Rogala A; Shoji K; Luszczynska A; Kuna A; Yeager C; Benight CC; Cieslak R
23	Kok BC; Herrell RK; Grossman SH; West JC; Wilk JE
24	Gomes AR; Afonso JMP
25	Webb-Murphy JA; De La Rosa GM; Schmitz KJ; Vishnyak EJ; Raducha SC; Roesch SC; Johnston SL
26	Deuster PA; O'Connor FG
27	Shoji K; Lesnierowska M; Smoktunowicz E; Bock J; Luszczynska A; Benight CC; Cieslak R
28	Taghva A; Imani M; Kazemi MR; Shiralinia K
29	Durning SJ; Dong T; LaRochelle JL; Artino AR; Gilliland WR; Dezee KJ; Saguil A; Cruess DF; Picho K; McManigle JE
30	Weidlich CP; Ugarriza DN
31	Lester PB; Taylor LC; Hawkins SA; Landry L
32	Matthew G; Meek D; Gibbs T; Sawford H; Wessely S; Greenberg N
33	Walters TA; Matthews EP; Dailey JI
34	Owen RP; Wanzer L
35	Johnson WB; Bertschinger M; Snell AK; Wilson A
36	Cieslak R; Anderson V; Bock J; Moore BA; Peterson AL; Benight CC
37	Odle-Dusseau HN; Herleman HLA; Britt TW; Moore DD; Castro CA; McGurk D
38	Lang GM; Patrician P; Steele N
39	Durning SJ; Artino AR; Dong T; Cruess DF; Gilliland WR; DeZee KJ; Saguil A; Waechter DM; McManigle JE
40	Durning SJ; Artino AR; Dong T; Cruess DF; Gilliland WR; DeZee KJ; Saguil A; Waechter DM; McManigle JE
41	de Oliveira RS; Neto TLD; da Silva AA; Grandi JL; Menezes IBS
42	Beder J; Postiglione P; Strolin-Goltzman J
43	Duncan AD; Liechty JM; Miller C; Chinoy G; Ricciardi R
44	Pierce PF; Lewandowski-Romps L; Silverschanz P
45	Lang J; Bliese PD; Lang JWB; Adler AB
46	Ballenger-Browning KK; Schmitz KJ; Rothacker JA; Hammer PS; Webb-Murphy JA; Johnson DC
47	Horrell SCV; Holohan DR; Didion LM; Vance GT
48	Linnerooth PJ; Mrdjenovich AJ; Moore BA
49	Kalina RM; Barczynski BJ
50	Bakir B; Ozer M; Ozcan CT; Cetin M; Fedai T
51	Lang GM; Pfister EA; Siemens MJ
52	Patrician PA; Shang JJ; Lake ET
53	Vinokur AD; Pierce PF; Lewandowski-Romps L
54	Lerner S; Magrane D; Friedman E
55	Westman M; Vinokur AD; Hamilton VL; Roziner I
56	Demerouti E; Geurts S; Bakker AB; Euwema M
57	Beasley BW; Kern DE; Kolodner K
58	O'Rourke K; Allgood C; VanDerslice J; Hardy MA
59	DePew CL; Gordon M; Yoder LH; Goodwin CW
60	Kushnir T; Rabin S; Azulai S
61	Maloney JP; Brown DL; Anderson FD; Hardy MA; Gladd DL
62	Quick JC; Joplin JR; Nelson DL; Mangelsdorff AD; Fiedler E
63	WESTMAN M; ETZION D
64	SANDY LG; FOSTER NE; EISENBERG JM
65	BARLING J; MACINTYRE AT
66	SHELLEY JJ; WONG M
